<?xml version="1.0" encoding="UTF-8"?>
<testng-results ignored="0" total="1" passed="1" failed="0" skipped="0">
  <reporter-output>
  </reporter-output>
  <suite started-at="2020-10-20T11:59:13 IST" name="Suite" finished-at="2020-10-20T11:59:38 IST" duration-ms="24749">
    <groups>
    </groups>
    <test started-at="2020-10-20T11:59:13 IST" name="Test" finished-at="2020-10-20T11:59:38 IST" duration-ms="24749">
      <class name="ADV.EMCO.login2">
        <test-method signature="emcoLogin()[pri:0, instance:ADV.EMCO.login2@5974109]" started-at="2020-10-20T11:59:13 IST" name="emcoLogin" finished-at="2020-10-20T11:59:37 IST" duration-ms="24279" status="PASS">
          <reporter-output>
          </reporter-output>
        </test-method> <!-- emcoLogin -->
        <test-method is-config="true" signature="teardown()[pri:0, instance:ADV.EMCO.login2@5974109]" started-at="2020-10-20T11:59:38 IST" name="teardown" finished-at="2020-10-20T11:59:38 IST" duration-ms="2" status="PASS">
          <reporter-output>
          </reporter-output>
        </test-method> <!-- teardown -->
      </class> <!-- ADV.EMCO.login2 -->
    </test> <!-- Test -->
  </suite> <!-- Suite -->
</testng-results>
