<?xml version="1.0" encoding="UTF-8"?>
<testng-results ignored="0" total="1" passed="1" failed="0" skipped="0">
  <reporter-output>
  </reporter-output>
  <suite started-at="2020-11-12T14:25:46 IST" name="Default suite" finished-at="2020-11-12T14:40:59 IST" duration-ms="912386">
    <groups>
    </groups>
    <test started-at="2020-11-12T14:25:46 IST" name="Default test" finished-at="2020-11-12T14:40:59 IST" duration-ms="912386">
      <class name="ADV.EMCO.AbsWCC">
        <test-method signature="abstraction()[pri:0, instance:ADV.EMCO.AbsWCC@525575]" started-at="2020-11-12T14:25:46 IST" name="abstraction" finished-at="2020-11-12T14:40:59 IST" duration-ms="912365" status="PASS">
          <reporter-output>
          </reporter-output>
        </test-method> <!-- abstraction -->
        <test-method is-config="true" signature="teardown()[pri:0, instance:ADV.EMCO.AbsWCC@525575]" started-at="2020-11-12T14:40:59 IST" name="teardown" finished-at="2020-11-12T14:40:59 IST" duration-ms="0" status="PASS">
          <reporter-output>
          </reporter-output>
        </test-method> <!-- teardown -->
      </class> <!-- ADV.EMCO.AbsWCC -->
    </test> <!-- Default test -->
  </suite> <!-- Default suite -->
</testng-results>
